TpTrace Verbose: 0 : 19560, 1, 2025/11/07, 01:10:25.802, 5220969703112, vstest.console.dll, Version: 17.11.0-release-24352-05 Current process architecture: X64
TpTrace Verbose: 0 : 19560, 1, 2025/11/07, 01:10:25.804, 5220969724026, vstest.console.dll, Runtime location: C:\Program Files\dotnet\shared\Microsoft.NETCore.App\8.0.8
TpTrace Information: 0 : 19560, 1, 2025/11/07, 01:10:25.807, 5220969751749, vstest.console.dll, Using .Net Framework version:.NETCoreApp,Version=v8.0
TpTrace Verbose: 0 : 19560, 1, 2025/11/07, 01:10:25.807, 5220969753029, vstest.console.dll, ArtifactProcessingPostProcessModeProcessorExecutor.Initialize: ArtifactProcessingMode.Collect
TpTrace Verbose: 0 : 19560, 1, 2025/11/07, 01:10:25.807, 5220969753563, vstest.console.dll, TestSessionCorrelationIdProcessorModeProcessorExecutor.Initialize: TestSessionCorrelationId '6076_c2bac125-893c-4f32-bf33-d636d44aaaeb'
TpTrace Information: 0 : 19560, 1, 2025/11/07, 01:10:25.811, 5220969786309, vstest.console.dll, FilePatternParser: The given file C:\Users\Soroush\Desktop\Files\Programming\Tutorial\03-Jenkins\JenkinsTest\JenkinsTest\bin\Debug\net8.0\JenkinsTest.dll is a full path.
TpTrace Verbose: 0 : 19560, 1, 2025/11/07, 01:10:25.815, 5220969828318, vstest.console.dll, TestPluginCache.DiscoverTestExtensions: finding test extensions in assemblies ends with: RuntimeProvider.dll TPluginInfo: Microsoft.VisualStudio.TestPlatform.Common.ExtensionFramework.Utilities.TestRuntimePluginInformation TExtension: Microsoft.VisualStudio.TestPlatform.ObjectModel.Host.ITestRuntimeProvider
TpTrace Verbose: 0 : 19560, 1, 2025/11/07, 01:10:25.816, 5220969838174, vstest.console.dll, TestPluginCache.GetExtensionPaths: Filtered extension paths: 
TpTrace Verbose: 0 : 19560, 1, 2025/11/07, 01:10:25.816, 5220969838909, vstest.console.dll, TestPluginCache.GetExtensionPaths: Added default extension paths: C:\Program Files\dotnet\sdk\8.0.400\Extensions\Microsoft.Diagnostics.NETCore.Client.dll
C:\Program Files\dotnet\sdk\8.0.400\Extensions\Microsoft.TestPlatform.Extensions.BlameDataCollector.dll
C:\Program Files\dotnet\sdk\8.0.400\Extensions\Microsoft.TestPlatform.Extensions.EventLogCollector.dll
C:\Program Files\dotnet\sdk\8.0.400\Extensions\Microsoft.TestPlatform.TestHostRuntimeProvider.dll
C:\Program Files\dotnet\sdk\8.0.400\Extensions\Microsoft.VisualStudio.TestPlatform.Extensions.Html.TestLogger.dll
C:\Program Files\dotnet\sdk\8.0.400\Extensions\Microsoft.VisualStudio.TestPlatform.Extensions.Trx.TestLogger.dll
TpTrace Verbose: 0 : 19560, 1, 2025/11/07, 01:10:25.816, 5220969839139, vstest.console.dll, TestPluginCache.GetExtensionPaths: Added unfilterableExtensionPaths: 
TpTrace Information: 0 : 19560, 1, 2025/11/07, 01:10:25.816, 5220969842956, vstest.console.dll, AssemblyResolver.ctor: Creating AssemblyResolver with searchDirectories C:\Program Files\dotnet\sdk\8.0.400\Extensions,C:\Program Files\dotnet\sdk\8.0.400
TpTrace Verbose: 0 : 19560, 1, 2025/11/07, 01:10:25.817, 5220969848167, vstest.console.dll, TestPluginCache.DiscoverTestExtensions: Discovering the extensions using extension path.
TpTrace Verbose: 0 : 19560, 1, 2025/11/07, 01:10:25.817, 5220969848961, vstest.console.dll, TestPluginCache.GetExtensionPaths: Filtered extension paths: 
TpTrace Verbose: 0 : 19560, 1, 2025/11/07, 01:10:25.817, 5220969849176, vstest.console.dll, TestPluginCache.GetExtensionPaths: Added default extension paths: C:\Program Files\dotnet\sdk\8.0.400\Extensions\Microsoft.Diagnostics.NETCore.Client.dll
C:\Program Files\dotnet\sdk\8.0.400\Extensions\Microsoft.TestPlatform.Extensions.BlameDataCollector.dll
C:\Program Files\dotnet\sdk\8.0.400\Extensions\Microsoft.TestPlatform.Extensions.EventLogCollector.dll
C:\Program Files\dotnet\sdk\8.0.400\Extensions\Microsoft.TestPlatform.TestHostRuntimeProvider.dll
C:\Program Files\dotnet\sdk\8.0.400\Extensions\Microsoft.VisualStudio.TestPlatform.Extensions.Html.TestLogger.dll
C:\Program Files\dotnet\sdk\8.0.400\Extensions\Microsoft.VisualStudio.TestPlatform.Extensions.Trx.TestLogger.dll
TpTrace Verbose: 0 : 19560, 1, 2025/11/07, 01:10:25.817, 5220969849358, vstest.console.dll, TestPluginCache.GetExtensionPaths: Added unfilterableExtensionPaths: 
TpTrace Verbose: 0 : 19560, 1, 2025/11/07, 01:10:25.817, 5220969850131, vstest.console.dll, TestPluginCache.DiscoverTestExtensions: Discovering the extensions using allExtensionPaths: C:\Program Files\dotnet\sdk\8.0.400\Extensions\Microsoft.Diagnostics.NETCore.Client.dll
C:\Program Files\dotnet\sdk\8.0.400\Extensions\Microsoft.TestPlatform.Extensions.BlameDataCollector.dll
C:\Program Files\dotnet\sdk\8.0.400\Extensions\Microsoft.TestPlatform.Extensions.EventLogCollector.dll
C:\Program Files\dotnet\sdk\8.0.400\Extensions\Microsoft.TestPlatform.TestHostRuntimeProvider.dll
C:\Program Files\dotnet\sdk\8.0.400\Extensions\Microsoft.VisualStudio.TestPlatform.Extensions.Html.TestLogger.dll
C:\Program Files\dotnet\sdk\8.0.400\Extensions\Microsoft.VisualStudio.TestPlatform.Extensions.Trx.TestLogger.dll
TpTrace Information: 0 : 19560, 1, 2025/11/07, 01:10:25.817, 5220969850786, vstest.console.dll, AssemblyResolver.AddSearchDirectories: Adding more searchDirectories C:\Program Files\dotnet\sdk\8.0.400\Extensions,C:\Program Files\dotnet\sdk\8.0.400
TpTrace Information: 0 : 19560, 1, 2025/11/07, 01:10:25.817, 5220969851077, vstest.console.dll, AssemblyResolver.AddSearchDirectories: Adding more searchDirectories C:\Program Files\dotnet\sdk\8.0.400\Extensions,C:\Program Files\dotnet\sdk\8.0.400
TpTrace Information: 0 : 19560, 1, 2025/11/07, 01:10:25.817, 5220969851242, vstest.console.dll, AssemblyResolver.AddSearchDirectories: Adding more searchDirectories C:\Program Files\dotnet\sdk\8.0.400\Extensions,C:\Program Files\dotnet\sdk\8.0.400
TpTrace Information: 0 : 19560, 1, 2025/11/07, 01:10:25.817, 5220969851391, vstest.console.dll, AssemblyResolver.AddSearchDirectories: Adding more searchDirectories C:\Program Files\dotnet\sdk\8.0.400\Extensions,C:\Program Files\dotnet\sdk\8.0.400
TpTrace Information: 0 : 19560, 1, 2025/11/07, 01:10:25.817, 5220969851563, vstest.console.dll, AssemblyResolver.AddSearchDirectories: Adding more searchDirectories C:\Program Files\dotnet\sdk\8.0.400\Extensions,C:\Program Files\dotnet\sdk\8.0.400
TpTrace Information: 0 : 19560, 1, 2025/11/07, 01:10:25.817, 5220969851711, vstest.console.dll, AssemblyResolver.AddSearchDirectories: Adding more searchDirectories C:\Program Files\dotnet\sdk\8.0.400\Extensions,C:\Program Files\dotnet\sdk\8.0.400
TpTrace Information: 0 : 19560, 1, 2025/11/07, 01:10:25.817, 5220969853847, vstest.console.dll, AssemblyResolver.OnResolve: Microsoft.Diagnostics.NETCore.Client: Resolving assembly.
TpTrace Information: 0 : 19560, 1, 2025/11/07, 01:10:25.817, 5220969854472, vstest.console.dll, AssemblyResolver.OnResolve: Microsoft.Diagnostics.NETCore.Client: Searching in: 'C:\Program Files\dotnet\sdk\8.0.400\Extensions'.
TpTrace Information: 0 : 19560, 1, 2025/11/07, 01:10:25.823, 5220969915636, vstest.console.dll, AssemblyResolver.OnResolve: Microsoft.Diagnostics.NETCore.Client: Loading assembly 'C:\Program Files\dotnet\sdk\8.0.400\Extensions\Microsoft.Diagnostics.NETCore.Client.dll'.
TpTrace Information: 0 : 19560, 1, 2025/11/07, 01:10:25.824, 5220969923982, vstest.console.dll, AssemblyResolver.OnResolve: Resolved assembly: Microsoft.Diagnostics.NETCore.Client, from path: C:\Program Files\dotnet\sdk\8.0.400\Extensions\Microsoft.Diagnostics.NETCore.Client.dll
TpTrace Verbose: 0 : 19560, 1, 2025/11/07, 01:10:25.829, 5220969969668, vstest.console.dll, MetadataReaderExtensionsHelper: Discovering extensions inside assembly 'Microsoft.Diagnostics.NETCore.Client, Version=0.2.10.30701, Culture=neutral, PublicKeyToken=31bf3856ad364e35' file path 'C:\Program Files\dotnet\sdk\8.0.400\Extensions\Microsoft.Diagnostics.NETCore.Client.dll'
TpTrace Information: 0 : 19560, 1, 2025/11/07, 01:10:25.832, 5220969998523, vstest.console.dll, AssemblyResolver.OnResolve: Microsoft.Bcl.AsyncInterfaces: Resolving assembly.
TpTrace Information: 0 : 19560, 1, 2025/11/07, 01:10:25.832, 5220969999362, vstest.console.dll, AssemblyResolver.OnResolve: Microsoft.Bcl.AsyncInterfaces: Searching in: 'C:\Program Files\dotnet\sdk\8.0.400\Extensions'.
TpTrace Information: 0 : 19560, 1, 2025/11/07, 01:10:25.832, 5220970000271, vstest.console.dll, AssemblyResolver.OnResolve: Microsoft.Bcl.AsyncInterfaces: Assembly path does not exist: 'C:\Program Files\dotnet\sdk\8.0.400\Extensions\Microsoft.Bcl.AsyncInterfaces.dll', returning.
TpTrace Information: 0 : 19560, 1, 2025/11/07, 01:10:25.832, 5220970000645, vstest.console.dll, AssemblyResolver.OnResolve: Microsoft.Bcl.AsyncInterfaces: Assembly path does not exist: 'C:\Program Files\dotnet\sdk\8.0.400\Extensions\Microsoft.Bcl.AsyncInterfaces.exe', returning.
TpTrace Information: 0 : 19560, 1, 2025/11/07, 01:10:25.832, 5220970000804, vstest.console.dll, AssemblyResolver.OnResolve: Microsoft.Bcl.AsyncInterfaces: Searching in: 'C:\Program Files\dotnet\sdk\8.0.400'.
TpTrace Information: 0 : 19560, 1, 2025/11/07, 01:10:25.832, 5220970001164, vstest.console.dll, AssemblyResolver.OnResolve: Microsoft.Bcl.AsyncInterfaces: Assembly path does not exist: 'C:\Program Files\dotnet\sdk\8.0.400\Microsoft.Bcl.AsyncInterfaces.dll', returning.
TpTrace Information: 0 : 19560, 1, 2025/11/07, 01:10:25.832, 5220970001455, vstest.console.dll, AssemblyResolver.OnResolve: Microsoft.Bcl.AsyncInterfaces: Assembly path does not exist: 'C:\Program Files\dotnet\sdk\8.0.400\Microsoft.Bcl.AsyncInterfaces.exe', returning.
TpTrace Information: 0 : 19560, 1, 2025/11/07, 01:10:25.832, 5220970001600, vstest.console.dll, AssemblyResolver.OnResolve: Microsoft.Bcl.AsyncInterfaces: Failed to load assembly.
TpTrace Verbose: 0 : 19560, 1, 2025/11/07, 01:10:25.832, 5220970001912, vstest.console.dll, CurrentDomainAssemblyResolve: Resolving assembly 'Microsoft.Bcl.AsyncInterfaces'.
TpTrace Information: 0 : 19560, 1, 2025/11/07, 01:10:25.832, 5220970002304, vstest.console.dll, AssemblyResolver.OnResolve: Microsoft.Bcl.AsyncInterfaces: Resolving assembly.
TpTrace Information: 0 : 19560, 1, 2025/11/07, 01:10:25.832, 5220970002524, vstest.console.dll, AssemblyResolver.OnResolve: Microsoft.Bcl.AsyncInterfaces: Resolved from cache.
TpTrace Verbose: 0 : 19560, 1, 2025/11/07, 01:10:25.832, 5220970002665, vstest.console.dll, CurrentDomainAssemblyResolve: Resolving assembly 'Microsoft.Bcl.AsyncInterfaces'.
TpTrace Verbose: 0 : 19560, 1, 2025/11/07, 01:10:25.832, 5220970002851, vstest.console.dll, CurrentDomainAssemblyResolve: Failed to resolve assembly 'Microsoft.Bcl.AsyncInterfaces'.
TpTrace Verbose: 0 : 19560, 1, 2025/11/07, 01:10:25.833, 5220970006816, vstest.console.dll, CurrentDomainAssemblyResolve: Failed to resolve assembly 'Microsoft.Bcl.AsyncInterfaces'.
TpTrace Warning: 0 : 19560, 1, 2025/11/07, 01:10:25.841, 5220970091135, vstest.console.dll, TestPluginDiscoverer: Failed to get types from assembly 'Microsoft.Diagnostics.NETCore.Client, Version=0.2.10.30701, Culture=neutral, PublicKeyToken=31bf3856ad364e35'. Error: System.Reflection.ReflectionTypeLoadException: Unable to load one or more of the requested types.
Could not load file or assembly 'Microsoft.Bcl.AsyncInterfaces, Version=6.0.0.0, Culture=neutral, PublicKeyToken=cc7b13ffcd2ddd51'. Das System kann die angegebene Datei nicht finden.
   at System.Reflection.RuntimeModule.GetTypes(RuntimeModule module)
   at System.Reflection.RuntimeModule.GetTypes()
   at Microsoft.VisualStudio.TestPlatform.Common.ExtensionFramework.TestPluginDiscoverer.GetTestExtensionsFromAssembly[TPluginInfo,TExtension](Assembly assembly, Dictionary`2 pluginInfos, String filePath) in /_/src/Microsoft.TestPlatform.Common/ExtensionFramework/TestPluginDiscoverer.cs:line 158
System.IO.FileNotFoundException: Could not load file or assembly 'Microsoft.Bcl.AsyncInterfaces, Version=6.0.0.0, Culture=neutral, PublicKeyToken=cc7b13ffcd2ddd51'. Das System kann die angegebene Datei nicht finden.
File name: 'Microsoft.Bcl.AsyncInterfaces, Version=6.0.0.0, Culture=neutral, PublicKeyToken=cc7b13ffcd2ddd51'
 ---> System.IO.FileNotFoundException: Could not load file or assembly 'Microsoft.Bcl.AsyncInterfaces, Culture=neutral, PublicKeyToken=null'. Das System kann die angegebene Datei nicht finden.
File name: 'Microsoft.Bcl.AsyncInterfaces, Culture=neutral, PublicKeyToken=null'
   at System.Reflection.RuntimeAssembly.InternalLoad(AssemblyName assemblyName, StackCrawlMark& stackMark, AssemblyLoadContext assemblyLoadContext, RuntimeAssembly requestingAssembly, Boolean throwOnFileNotFound)
   at System.Reflection.Assembly.Load(AssemblyName assemblyRef)
   at Microsoft.VisualStudio.TestPlatform.Common.ExtensionFramework.TestPluginCache.CurrentDomainAssemblyResolve(Object sender, AssemblyResolveEventArgs args) in /_/src/Microsoft.TestPlatform.Common/ExtensionFramework/TestPluginCache.cs:line 513
   at System.Runtime.Loader.AssemblyLoadContext.GetFirstResolvedAssemblyFromResolvingEvent(AssemblyName assemblyName)
   at System.Runtime.Loader.AssemblyLoadContext.ResolveUsingEvent(AssemblyName assemblyName)
   at System.Runtime.Loader.AssemblyLoadContext.ResolveUsingResolvingEvent(IntPtr gchManagedAssemblyLoadContext, AssemblyName assemblyName)
TpTrace Warning: 0 : 19560, 1, 2025/11/07, 01:10:25.841, 5220970094510, vstest.console.dll, LoaderExceptions: System.IO.FileNotFoundException: Could not load file or assembly 'Microsoft.Bcl.AsyncInterfaces, Version=6.0.0.0, Culture=neutral, PublicKeyToken=cc7b13ffcd2ddd51'. Das System kann die angegebene Datei nicht finden.
File name: 'Microsoft.Bcl.AsyncInterfaces, Version=6.0.0.0, Culture=neutral, PublicKeyToken=cc7b13ffcd2ddd51'
 ---> System.IO.FileNotFoundException: Could not load file or assembly 'Microsoft.Bcl.AsyncInterfaces, Culture=neutral, PublicKeyToken=null'. Das System kann die angegebene Datei nicht finden.
File name: 'Microsoft.Bcl.AsyncInterfaces, Culture=neutral, PublicKeyToken=null'
   at System.Reflection.RuntimeAssembly.InternalLoad(AssemblyName assemblyName, StackCrawlMark& stackMark, AssemblyLoadContext assemblyLoadContext, RuntimeAssembly requestingAssembly, Boolean throwOnFileNotFound)
   at System.Reflection.Assembly.Load(AssemblyName assemblyRef)
   at Microsoft.VisualStudio.TestPlatform.Common.ExtensionFramework.TestPluginCache.CurrentDomainAssemblyResolve(Object sender, AssemblyResolveEventArgs args) in /_/src/Microsoft.TestPlatform.Common/ExtensionFramework/TestPluginCache.cs:line 513
   at System.Runtime.Loader.AssemblyLoadContext.GetFirstResolvedAssemblyFromResolvingEvent(AssemblyName assemblyName)
   at System.Runtime.Loader.AssemblyLoadContext.ResolveUsingEvent(AssemblyName assemblyName)
   at System.Runtime.Loader.AssemblyLoadContext.ResolveUsingResolvingEvent(IntPtr gchManagedAssemblyLoadContext, AssemblyName assemblyName)
TpTrace Information: 0 : 19560, 1, 2025/11/07, 01:10:25.842, 5220970095719, vstest.console.dll, AssemblyResolver.OnResolve: Microsoft.TestPlatform.Extensions.BlameDataCollector: Resolving assembly.
TpTrace Information: 0 : 19560, 1, 2025/11/07, 01:10:25.842, 5220970096247, vstest.console.dll, AssemblyResolver.OnResolve: Microsoft.TestPlatform.Extensions.BlameDataCollector: Searching in: 'C:\Program Files\dotnet\sdk\8.0.400\Extensions'.
TpTrace Information: 0 : 19560, 1, 2025/11/07, 01:10:25.842, 5220970100384, vstest.console.dll, AssemblyResolver.OnResolve: Microsoft.TestPlatform.Extensions.BlameDataCollector: Loading assembly 'C:\Program Files\dotnet\sdk\8.0.400\Extensions\Microsoft.TestPlatform.Extensions.BlameDataCollector.dll'.
TpTrace Information: 0 : 19560, 1, 2025/11/07, 01:10:25.843, 5220970106210, vstest.console.dll, AssemblyResolver.OnResolve: Resolved assembly: Microsoft.TestPlatform.Extensions.BlameDataCollector, from path: C:\Program Files\dotnet\sdk\8.0.400\Extensions\Microsoft.TestPlatform.Extensions.BlameDataCollector.dll
TpTrace Verbose: 0 : 19560, 1, 2025/11/07, 01:10:25.843, 5220970106983, vstest.console.dll, MetadataReaderExtensionsHelper: Discovering extensions inside assembly 'Microsoft.TestPlatform.Extensions.BlameDataCollector, Version=15.0.0.0, Culture=neutral, PublicKeyToken=b03f5f7f11d50a3a' file path 'C:\Program Files\dotnet\sdk\8.0.400\Extensions\Microsoft.TestPlatform.Extensions.BlameDataCollector.dll'
TpTrace Information: 0 : 19560, 1, 2025/11/07, 01:10:25.844, 5220970118311, vstest.console.dll, AssemblyResolver.OnResolve: Microsoft.TestPlatform.Extensions.EventLogCollector: Resolving assembly.
TpTrace Information: 0 : 19560, 1, 2025/11/07, 01:10:25.844, 5220970119353, vstest.console.dll, AssemblyResolver.OnResolve: Microsoft.TestPlatform.Extensions.EventLogCollector: Searching in: 'C:\Program Files\dotnet\sdk\8.0.400\Extensions'.
TpTrace Information: 0 : 19560, 1, 2025/11/07, 01:10:25.844, 5220970122678, vstest.console.dll, AssemblyResolver.OnResolve: Microsoft.TestPlatform.Extensions.EventLogCollector: Loading assembly 'C:\Program Files\dotnet\sdk\8.0.400\Extensions\Microsoft.TestPlatform.Extensions.EventLogCollector.dll'.
TpTrace Information: 0 : 19560, 1, 2025/11/07, 01:10:25.844, 5220970125249, vstest.console.dll, AssemblyResolver.OnResolve: Resolved assembly: Microsoft.TestPlatform.Extensions.EventLogCollector, from path: C:\Program Files\dotnet\sdk\8.0.400\Extensions\Microsoft.TestPlatform.Extensions.EventLogCollector.dll
TpTrace Verbose: 0 : 19560, 1, 2025/11/07, 01:10:25.845, 5220970125659, vstest.console.dll, MetadataReaderExtensionsHelper: Discovering extensions inside assembly 'Microsoft.TestPlatform.Extensions.EventLogCollector, Version=15.0.0.0, Culture=neutral, PublicKeyToken=b03f5f7f11d50a3a' file path 'C:\Program Files\dotnet\sdk\8.0.400\Extensions\Microsoft.TestPlatform.Extensions.EventLogCollector.dll'
TpTrace Information: 0 : 19560, 1, 2025/11/07, 01:10:25.846, 5220970141442, vstest.console.dll, AssemblyResolver.OnResolve: Microsoft.TestPlatform.TestHostRuntimeProvider: Resolving assembly.
TpTrace Information: 0 : 19560, 1, 2025/11/07, 01:10:25.846, 5220970142061, vstest.console.dll, AssemblyResolver.OnResolve: Microsoft.TestPlatform.TestHostRuntimeProvider: Searching in: 'C:\Program Files\dotnet\sdk\8.0.400\Extensions'.
TpTrace Information: 0 : 19560, 1, 2025/11/07, 01:10:25.846, 5220970144524, vstest.console.dll, AssemblyResolver.OnResolve: Microsoft.TestPlatform.TestHostRuntimeProvider: Loading assembly 'C:\Program Files\dotnet\sdk\8.0.400\Extensions\Microsoft.TestPlatform.TestHostRuntimeProvider.dll'.
TpTrace Information: 0 : 19560, 1, 2025/11/07, 01:10:25.847, 5220970147314, vstest.console.dll, AssemblyResolver.OnResolve: Resolved assembly: Microsoft.TestPlatform.TestHostRuntimeProvider, from path: C:\Program Files\dotnet\sdk\8.0.400\Extensions\Microsoft.TestPlatform.TestHostRuntimeProvider.dll
TpTrace Verbose: 0 : 19560, 1, 2025/11/07, 01:10:25.847, 5220970147896, vstest.console.dll, MetadataReaderExtensionsHelper: Discovering extensions inside assembly 'Microsoft.TestPlatform.TestHostRuntimeProvider, Version=15.0.0.0, Culture=neutral, PublicKeyToken=b03f5f7f11d50a3a' file path 'C:\Program Files\dotnet\sdk\8.0.400\Extensions\Microsoft.TestPlatform.TestHostRuntimeProvider.dll'
TpTrace Information: 0 : 19560, 1, 2025/11/07, 01:10:25.848, 5220970162926, vstest.console.dll, GetTestExtensionFromType: Register extension with identifier data 'HostProvider://DefaultTestHost' and type 'Microsoft.VisualStudio.TestPlatform.CrossPlatEngine.Hosting.DefaultTestHostManager, Microsoft.TestPlatform.TestHostRuntimeProvider, Version=15.0.0.0, Culture=neutral, PublicKeyToken=b03f5f7f11d50a3a' inside file 'C:\Program Files\dotnet\sdk\8.0.400\Extensions\Microsoft.TestPlatform.TestHostRuntimeProvider.dll'
TpTrace Information: 0 : 19560, 1, 2025/11/07, 01:10:25.848, 5220970165160, vstest.console.dll, GetTestExtensionFromType: Register extension with identifier data 'HostProvider://DotnetTestHost' and type 'Microsoft.VisualStudio.TestPlatform.CrossPlatEngine.Hosting.DotnetTestHostManager, Microsoft.TestPlatform.TestHostRuntimeProvider, Version=15.0.0.0, Culture=neutral, PublicKeyToken=b03f5f7f11d50a3a' inside file 'C:\Program Files\dotnet\sdk\8.0.400\Extensions\Microsoft.TestPlatform.TestHostRuntimeProvider.dll'
TpTrace Information: 0 : 19560, 1, 2025/11/07, 01:10:25.849, 5220970165849, vstest.console.dll, AssemblyResolver.OnResolve: Microsoft.VisualStudio.TestPlatform.Extensions.Html.TestLogger: Resolving assembly.
TpTrace Information: 0 : 19560, 1, 2025/11/07, 01:10:25.849, 5220970166169, vstest.console.dll, AssemblyResolver.OnResolve: Microsoft.VisualStudio.TestPlatform.Extensions.Html.TestLogger: Searching in: 'C:\Program Files\dotnet\sdk\8.0.400\Extensions'.
TpTrace Information: 0 : 19560, 1, 2025/11/07, 01:10:25.849, 5220970171266, vstest.console.dll, AssemblyResolver.OnResolve: Microsoft.VisualStudio.TestPlatform.Extensions.Html.TestLogger: Loading assembly 'C:\Program Files\dotnet\sdk\8.0.400\Extensions\Microsoft.VisualStudio.TestPlatform.Extensions.Html.TestLogger.dll'.
TpTrace Information: 0 : 19560, 1, 2025/11/07, 01:10:25.849, 5220970175158, vstest.console.dll, AssemblyResolver.OnResolve: Resolved assembly: Microsoft.VisualStudio.TestPlatform.Extensions.Html.TestLogger, from path: C:\Program Files\dotnet\sdk\8.0.400\Extensions\Microsoft.VisualStudio.TestPlatform.Extensions.Html.TestLogger.dll
TpTrace Verbose: 0 : 19560, 1, 2025/11/07, 01:10:25.850, 5220970175699, vstest.console.dll, MetadataReaderExtensionsHelper: Discovering extensions inside assembly 'Microsoft.VisualStudio.TestPlatform.Extensions.Html.TestLogger, Version=15.0.0.0, Culture=neutral, PublicKeyToken=b03f5f7f11d50a3a' file path 'C:\Program Files\dotnet\sdk\8.0.400\Extensions\Microsoft.VisualStudio.TestPlatform.Extensions.Html.TestLogger.dll'
TpTrace Information: 0 : 19560, 1, 2025/11/07, 01:10:25.850, 5220970182727, vstest.console.dll, AssemblyResolver.OnResolve: Microsoft.VisualStudio.TestPlatform.Extensions.Trx.TestLogger: Resolving assembly.
TpTrace Information: 0 : 19560, 1, 2025/11/07, 01:10:25.850, 5220970183230, vstest.console.dll, AssemblyResolver.OnResolve: Microsoft.VisualStudio.TestPlatform.Extensions.Trx.TestLogger: Searching in: 'C:\Program Files\dotnet\sdk\8.0.400\Extensions'.
TpTrace Information: 0 : 19560, 1, 2025/11/07, 01:10:25.851, 5220970187733, vstest.console.dll, AssemblyResolver.OnResolve: Microsoft.VisualStudio.TestPlatform.Extensions.Trx.TestLogger: Loading assembly 'C:\Program Files\dotnet\sdk\8.0.400\Extensions\Microsoft.VisualStudio.TestPlatform.Extensions.Trx.TestLogger.dll'.
TpTrace Information: 0 : 19560, 1, 2025/11/07, 01:10:25.851, 5220970192472, vstest.console.dll, AssemblyResolver.OnResolve: Resolved assembly: Microsoft.VisualStudio.TestPlatform.Extensions.Trx.TestLogger, from path: C:\Program Files\dotnet\sdk\8.0.400\Extensions\Microsoft.VisualStudio.TestPlatform.Extensions.Trx.TestLogger.dll
TpTrace Verbose: 0 : 19560, 1, 2025/11/07, 01:10:25.851, 5220970193152, vstest.console.dll, MetadataReaderExtensionsHelper: Discovering extensions inside assembly 'Microsoft.VisualStudio.TestPlatform.Extensions.Trx.TestLogger, Version=15.0.0.0, Culture=neutral, PublicKeyToken=b03f5f7f11d50a3a' file path 'C:\Program Files\dotnet\sdk\8.0.400\Extensions\Microsoft.VisualStudio.TestPlatform.Extensions.Trx.TestLogger.dll'
TpTrace Verbose: 0 : 19560, 1, 2025/11/07, 01:10:25.852, 5220970202739, vstest.console.dll, TestPluginCache: Discovered the extensions using extension path ''.
TpTrace Verbose: 0 : 19560, 1, 2025/11/07, 01:10:25.852, 5220970203339, vstest.console.dll, TestPluginCache: Discoverers are ''.
TpTrace Verbose: 0 : 19560, 1, 2025/11/07, 01:10:25.852, 5220970203496, vstest.console.dll, TestPluginCache: Executors are ''.
TpTrace Verbose: 0 : 19560, 1, 2025/11/07, 01:10:25.852, 5220970203627, vstest.console.dll, TestPluginCache: Executors2 are ''.
TpTrace Verbose: 0 : 19560, 1, 2025/11/07, 01:10:25.852, 5220970203756, vstest.console.dll, TestPluginCache: Setting providers are ''.
TpTrace Verbose: 0 : 19560, 1, 2025/11/07, 01:10:25.852, 5220970203885, vstest.console.dll, TestPluginCache: Loggers are ''.
TpTrace Verbose: 0 : 19560, 1, 2025/11/07, 01:10:25.852, 5220970205321, vstest.console.dll, TestPluginCache: TestHosts are 'HostProvider://DefaultTestHost,HostProvider://DotnetTestHost'.
TpTrace Verbose: 0 : 19560, 1, 2025/11/07, 01:10:25.852, 5220970205544, vstest.console.dll, TestPluginCache: DataCollectors are ''.
TpTrace Information: 0 : 19560, 1, 2025/11/07, 01:10:25.863, 5220970310152, vstest.console.dll, RunTestsArgumentProcessor:Execute: Test run is starting.
TpTrace Verbose: 0 : 19560, 1, 2025/11/07, 01:10:25.863, 5220970310919, vstest.console.dll, RunTestsArgumentProcessor:Execute: Queuing Test run.
TpTrace Information: 0 : 19560, 1, 2025/11/07, 01:10:25.863, 5220970312579, vstest.console.dll, TestRequestManager.RunTests: run tests started.
TpTrace Information: 0 : 19560, 1, 2025/11/07, 01:10:25.864, 5220970321800, vstest.console.dll, AssemblyMetadataProvider.GetFrameworkName: Determined framework:'.NETCoreApp,Version=v8.0' for source: 'C:\Users\Soroush\Desktop\Files\Programming\Tutorial\03-Jenkins\JenkinsTest\JenkinsTest\bin\Debug\net8.0\JenkinsTest.dll'
TpTrace Information: 0 : 19560, 1, 2025/11/07, 01:10:25.864, 5220970322887, vstest.console.dll, Determined framework for all sources: .NETCoreApp,Version=v8.0
TpTrace Verbose: 0 : 19560, 1, 2025/11/07, 01:10:25.864, 5220970324532, vstest.console.dll, TestRequestManager.UpdateRunSettingsIfRequired: Default architecture: X64 IsDefaultTargetArchitecture: True, Current process architecture: X64 OperatingSystem: Windows.
TpTrace Information: 0 : 19560, 1, 2025/11/07, 01:10:25.866, 5220970336595, vstest.console.dll, AssemblyMetadataProvider.GetArchitecture: Determined architecture:AnyCPU info for assembly: C:\Users\Soroush\Desktop\Files\Programming\Tutorial\03-Jenkins\JenkinsTest\JenkinsTest\bin\Debug\net8.0\JenkinsTest.dll
TpTrace Information: 0 : 19560, 1, 2025/11/07, 01:10:25.866, 5220970337138, vstest.console.dll, Determined platform for source 'C:\Users\Soroush\Desktop\Files\Programming\Tutorial\03-Jenkins\JenkinsTest\JenkinsTest\bin\Debug\net8.0\JenkinsTest.dll' was AnyCPU and it will use the default plaform X64.
TpTrace Information: 0 : 19560, 1, 2025/11/07, 01:10:25.866, 5220970337387, vstest.console.dll, None of the sources provided any runnable platform, using the default platform: X64
TpTrace Information: 0 : 19560, 1, 2025/11/07, 01:10:25.866, 5220970338713, vstest.console.dll, Platform was updated to 'X64'.
TpTrace Information: 0 : 19560, 1, 2025/11/07, 01:10:25.867, 5220970353218, vstest.console.dll, Compatible sources list: 
TpTrace Information: 0 : 19560, 1, 2025/11/07, 01:10:25.867, 5220970354005, vstest.console.dll, C:\Users\Soroush\Desktop\Files\Programming\Tutorial\03-Jenkins\JenkinsTest\JenkinsTest\bin\Debug\net8.0\JenkinsTest.dll
TpTrace Information: 0 : 19560, 1, 2025/11/07, 01:10:25.871, 5220970387171, vstest.console.dll, InferRunSettingsHelper.IsTestSettingsEnabled: Unable to navigate to RunSettings/MSTest. Current node: RunSettings
TpTrace Information: 0 : 19560, 1, 2025/11/07, 01:10:25.871, 5220970395120, vstest.console.dll, AssemblyResolver.OnResolve: Microsoft.VisualStudio.TestPlatform.Fakes: Resolving assembly.
TpTrace Information: 0 : 19560, 1, 2025/11/07, 01:10:25.872, 5220970395971, vstest.console.dll, AssemblyResolver.OnResolve: Microsoft.VisualStudio.TestPlatform.Fakes: Searching in: 'C:\Program Files\dotnet\sdk\8.0.400\Extensions'.
TpTrace Information: 0 : 19560, 1, 2025/11/07, 01:10:25.872, 5220970397055, vstest.console.dll, AssemblyResolver.OnResolve: Microsoft.VisualStudio.TestPlatform.Fakes: Assembly path does not exist: 'C:\Program Files\dotnet\sdk\8.0.400\Extensions\Microsoft.VisualStudio.TestPlatform.Fakes.dll', returning.
TpTrace Information: 0 : 19560, 1, 2025/11/07, 01:10:25.872, 5220970397638, vstest.console.dll, AssemblyResolver.OnResolve: Microsoft.VisualStudio.TestPlatform.Fakes: Assembly path does not exist: 'C:\Program Files\dotnet\sdk\8.0.400\Extensions\Microsoft.VisualStudio.TestPlatform.Fakes.exe', returning.
TpTrace Information: 0 : 19560, 1, 2025/11/07, 01:10:25.872, 5220970397873, vstest.console.dll, AssemblyResolver.OnResolve: Microsoft.VisualStudio.TestPlatform.Fakes: Searching in: 'C:\Program Files\dotnet\sdk\8.0.400'.
TpTrace Information: 0 : 19560, 1, 2025/11/07, 01:10:25.872, 5220970398527, vstest.console.dll, AssemblyResolver.OnResolve: Microsoft.VisualStudio.TestPlatform.Fakes: Assembly path does not exist: 'C:\Program Files\dotnet\sdk\8.0.400\Microsoft.VisualStudio.TestPlatform.Fakes.dll', returning.
TpTrace Information: 0 : 19560, 1, 2025/11/07, 01:10:25.872, 5220970398996, vstest.console.dll, AssemblyResolver.OnResolve: Microsoft.VisualStudio.TestPlatform.Fakes: Assembly path does not exist: 'C:\Program Files\dotnet\sdk\8.0.400\Microsoft.VisualStudio.TestPlatform.Fakes.exe', returning.
TpTrace Information: 0 : 19560, 1, 2025/11/07, 01:10:25.872, 5220970399266, vstest.console.dll, AssemblyResolver.OnResolve: Microsoft.VisualStudio.TestPlatform.Fakes: Failed to load assembly.
TpTrace Information: 0 : 19560, 1, 2025/11/07, 01:10:25.872, 5220970402111, vstest.console.dll, Failed to load assembly Microsoft.VisualStudio.TestPlatform.Fakes, Version=17.0.0.0, Culture=neutral. Reason:System.IO.FileNotFoundException: Could not load file or assembly 'Microsoft.VisualStudio.TestPlatform.Fakes, Version=17.0.0.0, Culture=neutral, PublicKeyToken=null'. Das System kann die angegebene Datei nicht finden.
File name: 'Microsoft.VisualStudio.TestPlatform.Fakes, Version=17.0.0.0, Culture=neutral, PublicKeyToken=null'
   at System.Reflection.RuntimeAssembly.InternalLoad(AssemblyName assemblyName, StackCrawlMark& stackMark, AssemblyLoadContext assemblyLoadContext, RuntimeAssembly requestingAssembly, Boolean throwOnFileNotFound)
   at System.Reflection.Assembly.Load(AssemblyName assemblyRef)
   at Microsoft.VisualStudio.TestPlatform.Common.Utilities.FakesUtilities.LoadTestPlatformAssembly() in /_/src/Microsoft.TestPlatform.Common/Utilities/FakesUtilities.cs:line 272
TpTrace Verbose: 0 : 19560, 1, 2025/11/07, 01:10:25.873, 5220970415363, vstest.console.dll, TestPluginCache: Update extensions started. Skip filter = False
TpTrace Verbose: 0 : 19560, 1, 2025/11/07, 01:10:25.874, 5220970419568, vstest.console.dll, TestPluginCache: Using directories for assembly resolution 'C:\Users\Soroush\.nuget\packages\coverlet.collector\6.0.0\build\netstandard1.0'.
TpTrace Verbose: 0 : 19560, 1, 2025/11/07, 01:10:25.874, 5220970420114, vstest.console.dll, TestPluginCache: Updated the available extensions to 'C:\Users\Soroush\.nuget\packages\coverlet.collector\6.0.0\build\netstandard1.0\coverlet.collector.dll'.
TpTrace Verbose: 0 : 19560, 1, 2025/11/07, 01:10:25.884, 5220970519035, vstest.console.dll, TestEngine: Initializing Parallel Execution as MaxCpuCount is set to: 1
TpTrace Information: 0 : 19560, 1, 2025/11/07, 01:10:25.885, 5220970532587, vstest.console.dll, TestPluginManager.CreateTestExtension: Attempting to load test extension: Microsoft.VisualStudio.TestPlatform.CrossPlatEngine.Hosting.DefaultTestHostManager
TpTrace Information: 0 : 19560, 1, 2025/11/07, 01:10:25.886, 5220970539688, vstest.console.dll, TestPluginManager.CreateTestExtension: Attempting to load test extension: Microsoft.VisualStudio.TestPlatform.CrossPlatEngine.Hosting.DotnetTestHostManager
TpTrace Verbose: 0 : 19560, 1, 2025/11/07, 01:10:25.886, 5220970541618, vstest.console.dll, TestHostManagerCallbacks.ctor: Forwarding output is enabled.
TpTrace Information: 0 : 19560, 1, 2025/11/07, 01:10:25.886, 5220970544446, vstest.console.dll, InferRunSettingsHelper.IsTestSettingsEnabled: Unable to navigate to RunSettings/MSTest. Current node: RunSettings
TpTrace Verbose: 0 : 19560, 1, 2025/11/07, 01:10:25.887, 5220970548097, vstest.console.dll, ParallelOperationManager.ClearSlots: Clearing all slots. Slots should accept more work: True
TpTrace Verbose: 0 : 19560, 1, 2025/11/07, 01:10:25.887, 5220970553344, vstest.console.dll, ParallelOperationManager.SetOccupiedSlotCount: Setting slot counts AvailableSlotCount = 1, OccupiedSlotCount = 0.
TpTrace Verbose: 0 : 19560, 1, 2025/11/07, 01:10:25.887, 5220970555574, vstest.console.dll, Occupied slots:

TpTrace Verbose: 0 : 19560, 1, 2025/11/07, 01:10:25.891, 5220970585906, vstest.console.dll, TestEngine.GetExecutionManager: Chosen execution manager 'Microsoft.VisualStudio.TestPlatform.CrossPlatEngine.Client.Parallel.ParallelProxyExecutionManager, Microsoft.TestPlatform.CrossPlatEngine, Version=15.0.0.0, Culture=neutral, PublicKeyToken=b03f5f7f11d50a3a' ParallelLevel '1'.
TpTrace Verbose: 0 : 19560, 1, 2025/11/07, 01:10:25.891, 5220970590082, vstest.console.dll, TestPlatform.GetSkipDefaultAdapters: Not skipping default adapters SkipDefaultAdapters was false.
TpTrace Verbose: 0 : 19560, 1, 2025/11/07, 01:10:25.891, 5220970591725, vstest.console.dll, TestRunRequest.ExecuteAsync: Creating test run request.
TpTrace Verbose: 0 : 19560, 1, 2025/11/07, 01:10:25.892, 5220970597258, vstest.console.dll, TestRunRequest.ExecuteAsync: Starting.
TpTrace Information: 0 : 19560, 1, 2025/11/07, 01:10:25.893, 5220970608126, vstest.console.dll, TestRunRequest.ExecuteAsync: Starting run with settings:TestRunCriteria:
   KeepAlive=False,FrequencyOfRunStatsChangeEvent=10,RunStatsChangeEventTimeout=00:00:01.5000000,TestCaseFilter=,TestExecutorLauncher=
   Settingsxml=<RunSettings>
  <RunConfiguration>
    <ResultsDirectory>C:\Users\Soroush\Desktop\Files\Programming\Tutorial\03-Jenkins\JenkinsTest\JenkinsTest\TestResults</ResultsDirectory>
    <TargetPlatform>X64</TargetPlatform>
    <TargetFrameworkVersion>.NETCoreApp,Version=v8.0</TargetFrameworkVersion>
    <TestAdaptersPaths>C:\Users\Soroush\.nuget\packages\coverlet.collector\6.0.0\build\netstandard1.0\</TestAdaptersPaths>
    <DesignMode>False</DesignMode>
    <CollectSourceInformation>False</CollectSourceInformation>
  </RunConfiguration>
  <LoggerRunSettings>
    <Loggers>
      <Logger friendlyName="Console" assemblyQualifiedName="Microsoft.VisualStudio.TestPlatform.CommandLine.Internal.ConsoleLogger, vstest.console, Version=15.0.0.0, Culture=neutral, PublicKeyToken=b03f5f7f11d50a3a" codeBase="C:\Program Files\dotnet\sdk\8.0.400\vstest.console.dll" enabled="True">
        <Configuration>
          <Verbosity>minimal</Verbosity>
        </Configuration>
      </Logger>
    </Loggers>
  </LoggerRunSettings>
</RunSettings>

TpTrace Verbose: 0 : 19560, 1, 2025/11/07, 01:10:25.893, 5220970608659, vstest.console.dll, TestRunRequest.ExecuteAsync: Wait for the first run request is over.
TpTrace Verbose: 0 : 19560, 1, 2025/11/07, 01:10:25.893, 5220970611041, vstest.console.dll, MulticastDelegateUtilities.SafeInvoke: TestRun.TestRunStart: Invoking callbacks was skipped because there are no subscribers.
TpTrace Verbose: 0 : 19560, 4, 2025/11/07, 01:10:25.893, 5220970614272, vstest.console.dll, MulticastDelegateUtilities.SafeInvoke: InternalTestLoggerEvents.SendTestRunStart: Invoking callback 1/1 for Microsoft.VisualStudio.TestPlatform.CommandLine.Internal.ConsoleLogger., took 0 ms.
TpTrace Verbose: 0 : 19560, 1, 2025/11/07, 01:10:25.894, 5220970618296, vstest.console.dll, ParallelProxyExecutionManager: Start execution. Total sources: 1
TpTrace Verbose: 0 : 19560, 1, 2025/11/07, 01:10:25.894, 5220970620723, vstest.console.dll, ParallelOperationManager.StartWork: Starting adding 1 workloads.
TpTrace Verbose: 0 : 19560, 1, 2025/11/07, 01:10:25.894, 5220970621187, vstest.console.dll, ParallelOperationManager.ClearSlots: Clearing all slots. Slots should accept more work: True
TpTrace Verbose: 0 : 19560, 1, 2025/11/07, 01:10:25.894, 5220970621653, vstest.console.dll, ParallelOperationManager.SetOccupiedSlotCount: Setting slot counts AvailableSlotCount = 1, OccupiedSlotCount = 0.
TpTrace Verbose: 0 : 19560, 1, 2025/11/07, 01:10:25.894, 5220970621895, vstest.console.dll, Occupied slots:

TpTrace Verbose: 0 : 19560, 1, 2025/11/07, 01:10:25.895, 5220970629626, vstest.console.dll, TestHostManagerCallbacks.ctor: Forwarding output is enabled.
TpTrace Verbose: 0 : 19560, 1, 2025/11/07, 01:10:25.895, 5220970631415, vstest.console.dll, TestRequestSender is acting as server.
TpTrace Verbose: 0 : 19560, 1, 2025/11/07, 01:10:25.895, 5220970633000, vstest.console.dll, ParallelOperationManager.RunWorkInParallel: Adding 1 workload to slot, remaining workloads 0.
TpTrace Verbose: 0 : 19560, 1, 2025/11/07, 01:10:25.895, 5220970633428, vstest.console.dll, ParallelOperationManager.SetOccupiedSlotCount: Setting slot counts AvailableSlotCount = 0, OccupiedSlotCount = 1.
TpTrace Verbose: 0 : 19560, 1, 2025/11/07, 01:10:25.895, 5220970634030, vstest.console.dll, Occupied slots:
0: C:\Users\Soroush\Desktop\Files\Programming\Tutorial\03-Jenkins\JenkinsTest\JenkinsTest\bin\Debug\net8.0\JenkinsTest.dll
TpTrace Verbose: 0 : 19560, 1, 2025/11/07, 01:10:25.896, 5220970642981, vstest.console.dll, ParallelOperationManager.RunWorkInParallel: Started host in slot number 0 for work (source): C:\Users\Soroush\Desktop\Files\Programming\Tutorial\03-Jenkins\JenkinsTest\JenkinsTest\bin\Debug\net8.0\JenkinsTest.dll.
TpTrace Verbose: 0 : 19560, 1, 2025/11/07, 01:10:25.898, 5220970662002, vstest.console.dll, ParallelOperationManager.RunWorkInParallel: We started 1 work items, which is the max parallel level. Won't start more work.
TpTrace Verbose: 0 : 19560, 1, 2025/11/07, 01:10:25.898, 5220970662891, vstest.console.dll, ParallelOperationManager.RunWorkInParallel: We started 1 work items in here, returning True.
TpTrace Verbose: 0 : 19560, 5, 2025/11/07, 01:10:25.898, 5220970662858, vstest.console.dll, ParallelProxyExecutionManager.StartTestRunOnConcurrentManager: Initializing uninitialized client. Started clients: 0
TpTrace Information: 0 : 19560, 1, 2025/11/07, 01:10:25.898, 5220970663104, vstest.console.dll, TestRunRequest.ExecuteAsync: Started.
TpTrace Verbose: 0 : 19560, 5, 2025/11/07, 01:10:25.898, 5220970663482, vstest.console.dll, ParallelProxyExecutionManager.StartTestRunOnConcurrentManager: Initializing test run. Started clients: 0
TpTrace Verbose: 0 : 19560, 5, 2025/11/07, 01:10:25.898, 5220970664136, vstest.console.dll, ProxyExecutionManager: Test host is always Lazy initialize.
TpTrace Verbose: 0 : 19560, 5, 2025/11/07, 01:10:25.899, 5220970665997, vstest.console.dll, TestRequestSender.InitializeCommunication: initialize communication. 
TpTrace Verbose: 0 : 19560, 1, 2025/11/07, 01:10:25.899, 5220970667713, vstest.console.dll, TestRunRequest.WaitForCompletion: Waiting with timeout -1.
TpTrace Information: 0 : 19560, 5, 2025/11/07, 01:10:25.904, 5220970717577, vstest.console.dll, SocketServer.Start: Listening on endpoint : 127.0.0.1:65267
TpTrace Verbose: 0 : 19560, 5, 2025/11/07, 01:10:25.908, 5220970757566, vstest.console.dll, DotnetTestHostmanager.GetTestHostProcessStartInfo: Platform environment 'X64' target architecture 'X64' framework '.NETCoreApp,Version=v8.0' OS 'Windows'
TpTrace Verbose: 0 : 19560, 5, 2025/11/07, 01:10:25.908, 5220970759623, vstest.console.dll, DotnetTestHostmanager: Adding  --runtimeconfig "C:\Users\Soroush\Desktop\Files\Programming\Tutorial\03-Jenkins\JenkinsTest\JenkinsTest\bin\Debug\net8.0\JenkinsTest.runtimeconfig.json" in args
TpTrace Verbose: 0 : 19560, 5, 2025/11/07, 01:10:25.908, 5220970760212, vstest.console.dll, DotnetTestHostmanager: Adding  --depsfile "C:\Users\Soroush\Desktop\Files\Programming\Tutorial\03-Jenkins\JenkinsTest\JenkinsTest\bin\Debug\net8.0\JenkinsTest.deps.json" in args
TpTrace Verbose: 0 : 19560, 5, 2025/11/07, 01:10:25.908, 5220970761385, vstest.console.dll, DotnetTestHostmanager.IsWinOnArm: Current PROCESSOR_ARCHITECTURE from environment variable 'AMD64'
TpTrace Verbose: 0 : 19560, 5, 2025/11/07, 01:10:25.908, 5220970761737, vstest.console.dll, DotnetTestHostmanager.IsWinOnArm: Is Windows on ARM 'False'
TpTrace Verbose: 0 : 19560, 5, 2025/11/07, 01:10:25.908, 5220970762224, vstest.console.dll, DotnetTestHostManager: testhost.exe found at path: C:\Users\Soroush\Desktop\Files\Programming\Tutorial\03-Jenkins\JenkinsTest\JenkinsTest\bin\Debug\net8.0\testhost.exe
TpTrace Verbose: 0 : 19560, 5, 2025/11/07, 01:10:25.908, 5220970762439, vstest.console.dll, DotnetTestHostmanager: Full path of host exe is C:\Users\Soroush\Desktop\Files\Programming\Tutorial\03-Jenkins\JenkinsTest\JenkinsTest\bin\Debug\net8.0\testhost.exe
TpTrace Verbose: 0 : 19560, 5, 2025/11/07, 01:10:25.908, 5220970763337, vstest.console.dll, DotnetTestHostmanager.LaunchTestHostAsync: Found 'VSTEST_WINAPPHOST_DOTNET_ROOT' in env variables, value 'C:\Program Files\dotnet', forwarding to 'DOTNET_ROOT'
TpTrace Verbose: 0 : 19560, 5, 2025/11/07, 01:10:25.908, 5220970764573, vstest.console.dll, DotnetTestHostManager: Starting process 'C:\Users\Soroush\Desktop\Files\Programming\Tutorial\03-Jenkins\JenkinsTest\JenkinsTest\bin\Debug\net8.0\testhost.exe' with command line ' --runtimeconfig "C:\Users\Soroush\Desktop\Files\Programming\Tutorial\03-Jenkins\JenkinsTest\JenkinsTest\bin\Debug\net8.0\JenkinsTest.runtimeconfig.json" --depsfile "C:\Users\Soroush\Desktop\Files\Programming\Tutorial\03-Jenkins\JenkinsTest\JenkinsTest\bin\Debug\net8.0\JenkinsTest.deps.json" --port 65267 --endpoint 127.0.0.1:065267 --role client --parentprocessid 19560 --diag "C:\Users\Soroush\Desktop\Files\Programming\Tutorial\03-Jenkins\JenkinsTest\JenkinsTest\log.host.25-11-07_01-10-25_90787_5.txt" --tracelevel 4 --telemetryoptedin false'
TpTrace Verbose: 0 : 19560, 5, 2025/11/07, 01:10:25.915, 5220970833491, vstest.console.dll, Test Runtime launched
TpTrace Verbose: 0 : 19560, 5, 2025/11/07, 01:10:25.915, 5220970834959, vstest.console.dll, MulticastDelegateUtilities.SafeInvoke: HostProviderEvents.OnHostLaunched: Invoking callback 1/1 for Microsoft.VisualStudio.TestPlatform.CrossPlatEngine.Client.ProxyOperationManager., took 0 ms.
TpTrace Verbose: 0 : 19560, 5, 2025/11/07, 01:10:25.916, 5220970838116, vstest.console.dll, TestRequestSender.WaitForRequestHandlerConnection: waiting for connection with timeout: 90000.
TpTrace Verbose: 0 : 19560, 5, 2025/11/07, 01:10:26.020, 5220971884881, vstest.console.dll, TestRequestSender.WaitForRequestHandlerConnection: waiting took 104 ms, with timeout 90000 ms, and result 0, which is success.
TpTrace Verbose: 0 : 19560, 10, 2025/11/07, 01:10:26.020, 5220971884880, vstest.console.dll, MulticastDelegateUtilities.SafeInvoke: SocketServer: ClientConnected: Invoking callback 1/1 for Microsoft.VisualStudio.TestPlatform.CommunicationUtilities.TestRequestSender., took 0 ms.
TpTrace Verbose: 0 : 19560, 10, 2025/11/07, 01:10:26.021, 5220971886908, vstest.console.dll, SocketServer.OnClientConnected: Client connected for endPoint: 127.0.0.1:65267, starting MessageLoopAsync:
TpTrace Verbose: 0 : 19560, 7, 2025/11/07, 01:10:26.021, 5220971891658, vstest.console.dll, TcpClientExtensions.MessageLoopAsync: Polling on remoteEndPoint: 127.0.0.1:65268 localEndPoint: 127.0.0.1:65267 after 0 ms
TpTrace Verbose: 0 : 19560, 5, 2025/11/07, 01:10:26.049, 5220972171712, vstest.console.dll, TestRequestSender.CheckVersionWithTestHost: Sending check version message: {"MessageType":"ProtocolVersion","Payload":7}
TpTrace Verbose: 0 : 19560, 7, 2025/11/07, 01:10:26.111, 5220972787738, vstest.console.dll, TcpClientExtensions.MessageLoopAsync: NotifyDataAvailable remoteEndPoint: 127.0.0.1:65268 localEndPoint: 127.0.0.1:65267
TpTrace Verbose: 0 : 19560, 7, 2025/11/07, 01:10:26.111, 5220972792513, vstest.console.dll, TestRequestSender.CheckVersionWithTestHost: onMessageReceived received message: (ProtocolVersion) -> {"MessageType":"ProtocolVersion","Payload":7}
TpTrace Verbose: 0 : 19560, 7, 2025/11/07, 01:10:26.115, 5220972829746, vstest.console.dll, MulticastDelegateUtilities.SafeInvoke: LengthPrefixCommunicationChannel: MessageReceived: Invoking callback 1/1 for Microsoft.VisualStudio.TestPlatform.CommunicationUtilities.TestRequestSender+<>c__DisplayClass29_0., took 3 ms.
TpTrace Verbose: 0 : 19560, 7, 2025/11/07, 01:10:26.115, 5220972830794, vstest.console.dll, TcpClientExtensions.MessageLoopAsync: Polling on remoteEndPoint: 127.0.0.1:65268 localEndPoint: 127.0.0.1:65267 after 93 ms
TpTrace Verbose: 0 : 19560, 5, 2025/11/07, 01:10:26.115, 5220972831593, vstest.console.dll, TestPluginCache.GetExtensionPaths: Filtered extension paths: 
TpTrace Verbose: 0 : 19560, 7, 2025/11/07, 01:10:26.115, 5220972832552, vstest.console.dll, TcpClientExtensions.MessageLoopAsync: NotifyDataAvailable remoteEndPoint: 127.0.0.1:65268 localEndPoint: 127.0.0.1:65267
TpTrace Verbose: 0 : 19560, 5, 2025/11/07, 01:10:26.115, 5220972832946, vstest.console.dll, TestPluginCache.GetExtensionPaths: Added default extension paths: C:\Program Files\dotnet\sdk\8.0.400\Extensions\Microsoft.Diagnostics.NETCore.Client.dll
C:\Program Files\dotnet\sdk\8.0.400\Extensions\Microsoft.TestPlatform.Extensions.BlameDataCollector.dll
C:\Program Files\dotnet\sdk\8.0.400\Extensions\Microsoft.TestPlatform.Extensions.EventLogCollector.dll
C:\Program Files\dotnet\sdk\8.0.400\Extensions\Microsoft.TestPlatform.TestHostRuntimeProvider.dll
C:\Program Files\dotnet\sdk\8.0.400\Extensions\Microsoft.VisualStudio.TestPlatform.Extensions.Html.TestLogger.dll
C:\Program Files\dotnet\sdk\8.0.400\Extensions\Microsoft.VisualStudio.TestPlatform.Extensions.Trx.TestLogger.dll
TpTrace Verbose: 0 : 19560, 5, 2025/11/07, 01:10:26.115, 5220972833277, vstest.console.dll, TestPluginCache.GetExtensionPaths: Added unfilterableExtensionPaths: 
TpTrace Verbose: 0 : 19560, 5, 2025/11/07, 01:10:26.118, 5220972857817, vstest.console.dll, TestRequestSender.InitializeExecution: Sending initialize execution with message: {"Version":7,"MessageType":"TestExecution.Initialize","Payload":["C:\\Users\\Soroush\\Desktop\\Files\\Programming\\Tutorial\\03-Jenkins\\JenkinsTest\\JenkinsTest\\bin\\Debug\\net8.0\\NUnit3.TestAdapter.dll"]}
TpTrace Verbose: 0 : 19560, 5, 2025/11/07, 01:10:26.118, 5220972859792, vstest.console.dll, ParallelProxyExecutionManager.StartTestRunOnConcurrentManager: Execution starting. Started clients: 1
TpTrace Warning: 0 : 19560, 5, 2025/11/07, 01:10:26.118, 5220972862953, vstest.console.dll, InferRunSettingsHelper.MakeRunsettingsCompatible: Removing the following settings: TargetPlatform from RunSettings file. To use those settings please move to latest version of Microsoft.NET.Test.Sdk
TpTrace Verbose: 0 : 19560, 7, 2025/11/07, 01:10:26.119, 5220972868240, vstest.console.dll, TestRequestSender.OnExecutionMessageReceived: Received message: {"Version":7,"MessageType":"TestSession.Message","Payload":{"MessageLevel":0,"Message":"Die TestHost-Diagnose wird in der Datei C:\\Users\\Soroush\\Desktop\\Files\\Programming\\Tutorial\\03-Jenkins\\JenkinsTest\\JenkinsTest\\log.host.25-11-07_01-10-25_90787_5.txt protokolliert."}}
TpTrace Verbose: 0 : 19560, 7, 2025/11/07, 01:10:26.122, 5220972898211, vstest.console.dll, TestRunRequest:SendTestRunMessage: Starting.
TpTrace Verbose: 0 : 19560, 7, 2025/11/07, 01:10:26.122, 5220972899836, vstest.console.dll, MulticastDelegateUtilities.SafeInvoke: TestRun.LogMessages: Invoking callback 1/1 for Microsoft.VisualStudio.TestPlatform.CommandLine.TestRunResultAggregator., took 0 ms.
TpTrace Information: 0 : 19560, 7, 2025/11/07, 01:10:26.122, 5220972900065, vstest.console.dll, TestRunRequest:SendTestRunMessage: Completed.
TpTrace Verbose: 0 : 19560, 7, 2025/11/07, 01:10:26.122, 5220972900250, vstest.console.dll, MulticastDelegateUtilities.SafeInvoke: LengthPrefixCommunicationChannel: MessageReceived: Invoking callback 1/1 for Microsoft.VisualStudio.TestPlatform.CommunicationUtilities.TestRequestSender+<>c__DisplayClass34_0., took 3 ms.
TpTrace Verbose: 0 : 19560, 7, 2025/11/07, 01:10:26.122, 5220972900432, vstest.console.dll, TcpClientExtensions.MessageLoopAsync: Polling on remoteEndPoint: 127.0.0.1:65268 localEndPoint: 127.0.0.1:65267 after 6 ms
TpTrace Verbose: 0 : 19560, 4, 2025/11/07, 01:10:26.122, 5220972901976, vstest.console.dll, MulticastDelegateUtilities.SafeInvoke: InternalTestLoggerEvents.SendTestRunMessage: Invoking callback 1/1 for Microsoft.VisualStudio.TestPlatform.CommandLine.Internal.ConsoleLogger., took 0 ms.
TpTrace Verbose: 0 : 19560, 5, 2025/11/07, 01:10:26.126, 5220972938497, vstest.console.dll, TestRequestSender.StartTestRun: Sending test run with message: {"Version":7,"MessageType":"TestExecution.StartWithSources","Payload":{"AdapterSourceMap":{"_none_":["C:\\Users\\Soroush\\Desktop\\Files\\Programming\\Tutorial\\03-Jenkins\\JenkinsTest\\JenkinsTest\\bin\\Debug\\net8.0\\JenkinsTest.dll"]},"RunSettings":"<RunSettings>\r\n  <RunConfiguration>\r\n    <ResultsDirectory>C:\\Users\\Soroush\\Desktop\\Files\\Programming\\Tutorial\\03-Jenkins\\JenkinsTest\\JenkinsTest\\TestResults</ResultsDirectory>\r\n    <TargetFrameworkVersion>.NETCoreApp,Version=v8.0</TargetFrameworkVersion>\r\n    <TestAdaptersPaths>C:\\Users\\Soroush\\.nuget\\packages\\coverlet.collector\\6.0.0\\build\\netstandard1.0\\</TestAdaptersPaths>\r\n    <DesignMode>False</DesignMode>\r\n    <CollectSourceInformation>False</CollectSourceInformation>\r\n  </RunConfiguration>\r\n  <LoggerRunSettings>\r\n    <Loggers>\r\n      <Logger friendlyName=\"Console\" assemblyQualifiedName=\"Microsoft.VisualStudio.TestPlatform.CommandLine.Internal.ConsoleLogger, vstest.console, Version=15.0.0.0, Culture=neutral, PublicKeyToken=b03f5f7f11d50a3a\" codeBase=\"C:\\Program Files\\dotnet\\sdk\\8.0.400\\vstest.console.dll\" enabled=\"True\">\r\n        <Configuration>\r\n          <Verbosity>minimal</Verbosity>\r\n        </Configuration>\r\n      </Logger>\r\n    </Loggers>\r\n  </LoggerRunSettings>\r\n</RunSettings>","TestExecutionContext":{"FrequencyOfRunStatsChangeEvent":10,"RunStatsChangeEventTimeout":"00:00:01.5000000","InIsolation":false,"KeepAlive":false,"AreTestCaseLevelEventsRequired":false,"IsDebug":false,"TestCaseFilter":null,"FilterOptions":null},"Package":null}}
TpTrace Verbose: 0 : 19560, 5, 2025/11/07, 01:10:26.126, 5220972941014, vstest.console.dll, ParallelProxyExecutionManager.StartTestRunOnConcurrentManager: Execution started. Started clients: 1
TpTrace Verbose: 0 : 19560, 7, 2025/11/07, 01:10:26.221, 5220973895161, vstest.console.dll, TcpClientExtensions.MessageLoopAsync: NotifyDataAvailable remoteEndPoint: 127.0.0.1:65268 localEndPoint: 127.0.0.1:65267
TpTrace Verbose: 0 : 19560, 7, 2025/11/07, 01:10:26.222, 5220973896353, vstest.console.dll, TestRequestSender.OnExecutionMessageReceived: Received message: {"Version":7,"MessageType":"TestSession.Message","Payload":{"MessageLevel":0,"Message":"NUnit Adapter 4.5.0.0: Test execution started"}}
TpTrace Verbose: 0 : 19560, 7, 2025/11/07, 01:10:26.222, 5220973898598, vstest.console.dll, TestRunRequest:SendTestRunMessage: Starting.
TpTrace Verbose: 0 : 19560, 7, 2025/11/07, 01:10:26.222, 5220973899393, vstest.console.dll, MulticastDelegateUtilities.SafeInvoke: TestRun.LogMessages: Invoking callback 1/1 for Microsoft.VisualStudio.TestPlatform.CommandLine.TestRunResultAggregator., took 0 ms.
TpTrace Information: 0 : 19560, 7, 2025/11/07, 01:10:26.222, 5220973899644, vstest.console.dll, TestRunRequest:SendTestRunMessage: Completed.
TpTrace Verbose: 0 : 19560, 4, 2025/11/07, 01:10:26.222, 5220973899585, vstest.console.dll, MulticastDelegateUtilities.SafeInvoke: InternalTestLoggerEvents.SendTestRunMessage: Invoking callback 1/1 for Microsoft.VisualStudio.TestPlatform.CommandLine.Internal.ConsoleLogger., took 0 ms.
TpTrace Verbose: 0 : 19560, 7, 2025/11/07, 01:10:26.222, 5220973899874, vstest.console.dll, MulticastDelegateUtilities.SafeInvoke: LengthPrefixCommunicationChannel: MessageReceived: Invoking callback 1/1 for Microsoft.VisualStudio.TestPlatform.CommunicationUtilities.TestRequestSender+<>c__DisplayClass34_0., took 0 ms.
TpTrace Verbose: 0 : 19560, 7, 2025/11/07, 01:10:26.222, 5220973900405, vstest.console.dll, TcpClientExtensions.MessageLoopAsync: Polling on remoteEndPoint: 127.0.0.1:65268 localEndPoint: 127.0.0.1:65267 after 99 ms
TpTrace Verbose: 0 : 19560, 7, 2025/11/07, 01:10:26.237, 5220974049700, vstest.console.dll, TcpClientExtensions.MessageLoopAsync: NotifyDataAvailable remoteEndPoint: 127.0.0.1:65268 localEndPoint: 127.0.0.1:65267
TpTrace Verbose: 0 : 19560, 7, 2025/11/07, 01:10:26.237, 5220974051055, vstest.console.dll, TestRequestSender.OnExecutionMessageReceived: Received message: {"Version":7,"MessageType":"TestSession.Message","Payload":{"MessageLevel":0,"Message":"Running all tests in C:\\Users\\Soroush\\Desktop\\Files\\Programming\\Tutorial\\03-Jenkins\\JenkinsTest\\JenkinsTest\\bin\\Debug\\net8.0\\JenkinsTest.dll"}}
TpTrace Verbose: 0 : 19560, 7, 2025/11/07, 01:10:26.237, 5220974051959, vstest.console.dll, TestRunRequest:SendTestRunMessage: Starting.
TpTrace Verbose: 0 : 19560, 7, 2025/11/07, 01:10:26.237, 5220974052301, vstest.console.dll, MulticastDelegateUtilities.SafeInvoke: TestRun.LogMessages: Invoking callback 1/1 for Microsoft.VisualStudio.TestPlatform.CommandLine.TestRunResultAggregator., took 0 ms.
TpTrace Information: 0 : 19560, 7, 2025/11/07, 01:10:26.237, 5220974052454, vstest.console.dll, TestRunRequest:SendTestRunMessage: Completed.
TpTrace Verbose: 0 : 19560, 7, 2025/11/07, 01:10:26.237, 5220974052646, vstest.console.dll, MulticastDelegateUtilities.SafeInvoke: LengthPrefixCommunicationChannel: MessageReceived: Invoking callback 1/1 for Microsoft.VisualStudio.TestPlatform.CommunicationUtilities.TestRequestSender+<>c__DisplayClass34_0., took 0 ms.
TpTrace Verbose: 0 : 19560, 4, 2025/11/07, 01:10:26.237, 5220974052665, vstest.console.dll, MulticastDelegateUtilities.SafeInvoke: InternalTestLoggerEvents.SendTestRunMessage: Invoking callback 1/1 for Microsoft.VisualStudio.TestPlatform.CommandLine.Internal.ConsoleLogger., took 0 ms.
TpTrace Verbose: 0 : 19560, 7, 2025/11/07, 01:10:26.237, 5220974052855, vstest.console.dll, TcpClientExtensions.MessageLoopAsync: Polling on remoteEndPoint: 127.0.0.1:65268 localEndPoint: 127.0.0.1:65267 after 15 ms
TpTrace Verbose: 0 : 19560, 7, 2025/11/07, 01:10:26.321, 5220974893384, vstest.console.dll, TcpClientExtensions.MessageLoopAsync: NotifyDataAvailable remoteEndPoint: 127.0.0.1:65268 localEndPoint: 127.0.0.1:65267
TpTrace Verbose: 0 : 19560, 7, 2025/11/07, 01:10:26.321, 5220974895127, vstest.console.dll, TestRequestSender.OnExecutionMessageReceived: Received message: {"Version":7,"MessageType":"TestSession.Message","Payload":{"MessageLevel":0,"Message":"   NUnit3TestExecutor discovered 2 of 2 NUnit test cases using Current Discovery mode, Non-Explicit run"}}
TpTrace Verbose: 0 : 19560, 7, 2025/11/07, 01:10:26.322, 5220974896254, vstest.console.dll, TestRunRequest:SendTestRunMessage: Starting.
TpTrace Verbose: 0 : 19560, 7, 2025/11/07, 01:10:26.322, 5220974896702, vstest.console.dll, MulticastDelegateUtilities.SafeInvoke: TestRun.LogMessages: Invoking callback 1/1 for Microsoft.VisualStudio.TestPlatform.CommandLine.TestRunResultAggregator., took 0 ms.
TpTrace Information: 0 : 19560, 7, 2025/11/07, 01:10:26.322, 5220974896880, vstest.console.dll, TestRunRequest:SendTestRunMessage: Completed.
TpTrace Verbose: 0 : 19560, 7, 2025/11/07, 01:10:26.322, 5220974897088, vstest.console.dll, MulticastDelegateUtilities.SafeInvoke: LengthPrefixCommunicationChannel: MessageReceived: Invoking callback 1/1 for Microsoft.VisualStudio.TestPlatform.CommunicationUtilities.TestRequestSender+<>c__DisplayClass34_0., took 0 ms.
TpTrace Verbose: 0 : 19560, 4, 2025/11/07, 01:10:26.322, 5220974897065, vstest.console.dll, MulticastDelegateUtilities.SafeInvoke: InternalTestLoggerEvents.SendTestRunMessage: Invoking callback 1/1 for Microsoft.VisualStudio.TestPlatform.CommandLine.Internal.ConsoleLogger., took 0 ms.
TpTrace Verbose: 0 : 19560, 7, 2025/11/07, 01:10:26.322, 5220974897317, vstest.console.dll, TcpClientExtensions.MessageLoopAsync: Polling on remoteEndPoint: 127.0.0.1:65268 localEndPoint: 127.0.0.1:65267 after 84 ms
TpTrace Verbose: 0 : 19560, 7, 2025/11/07, 01:10:26.371, 5220975393678, vstest.console.dll, TcpClientExtensions.MessageLoopAsync: NotifyDataAvailable remoteEndPoint: 127.0.0.1:65268 localEndPoint: 127.0.0.1:65267
TpTrace Verbose: 0 : 19560, 7, 2025/11/07, 01:10:26.371, 5220975395299, vstest.console.dll, TestRequestSender.OnExecutionMessageReceived: Received message: {"Version":7,"MessageType":"TestSession.Message","Payload":{"MessageLevel":0,"Message":"NUnit Adapter 4.5.0.0: Test execution complete"}}
TpTrace Verbose: 0 : 19560, 7, 2025/11/07, 01:10:26.372, 5220975396465, vstest.console.dll, TestRunRequest:SendTestRunMessage: Starting.
TpTrace Verbose: 0 : 19560, 7, 2025/11/07, 01:10:26.372, 5220975396958, vstest.console.dll, MulticastDelegateUtilities.SafeInvoke: TestRun.LogMessages: Invoking callback 1/1 for Microsoft.VisualStudio.TestPlatform.CommandLine.TestRunResultAggregator., took 0 ms.
TpTrace Information: 0 : 19560, 7, 2025/11/07, 01:10:26.372, 5220975397165, vstest.console.dll, TestRunRequest:SendTestRunMessage: Completed.
TpTrace Verbose: 0 : 19560, 4, 2025/11/07, 01:10:26.372, 5220975397373, vstest.console.dll, MulticastDelegateUtilities.SafeInvoke: InternalTestLoggerEvents.SendTestRunMessage: Invoking callback 1/1 for Microsoft.VisualStudio.TestPlatform.CommandLine.Internal.ConsoleLogger., took 0 ms.
TpTrace Verbose: 0 : 19560, 7, 2025/11/07, 01:10:26.372, 5220975397556, vstest.console.dll, MulticastDelegateUtilities.SafeInvoke: LengthPrefixCommunicationChannel: MessageReceived: Invoking callback 1/1 for Microsoft.VisualStudio.TestPlatform.CommunicationUtilities.TestRequestSender+<>c__DisplayClass34_0., took 0 ms.
TpTrace Verbose: 0 : 19560, 7, 2025/11/07, 01:10:26.372, 5220975398576, vstest.console.dll, TcpClientExtensions.MessageLoopAsync: Polling on remoteEndPoint: 127.0.0.1:65268 localEndPoint: 127.0.0.1:65267 after 50 ms
TpTrace Verbose: 0 : 19560, 7, 2025/11/07, 01:10:26.418, 5220975861695, vstest.console.dll, TcpClientExtensions.MessageLoopAsync: NotifyDataAvailable remoteEndPoint: 127.0.0.1:65268 localEndPoint: 127.0.0.1:65267
TpTrace Verbose: 0 : 19560, 7, 2025/11/07, 01:10:26.418, 5220975863542, vstest.console.dll, TestRequestSender.OnExecutionMessageReceived: Received message: {"Version":7,"MessageType":"TestExecution.Completed","Payload":{"TestRunCompleteArgs":{"TestRunStatistics":{"ExecutedTests":2,"Stats":{"Passed":2}},"IsCanceled":false,"IsAborted":false,"Error":null,"AttachmentSets":[],"InvokedDataCollectors":[],"ElapsedTimeInRunningTests":"00:00:00.1673526","Metrics":{},"DiscoveredExtensions":{"TestDiscoverers":["NUnit.VisualStudio.TestAdapter.NUnit3TestDiscoverer, NUnit3.TestAdapter, Version=4.5.0.0, Culture=neutral, PublicKeyToken=4cb40d35494691ac"],"TestExecutors":["executor://NUnit3TestExecutor"],"TestExecutors2":[],"TestSettingsProviders":[]}},"LastRunTests":{"NewTestResults":[{"TestCase":{"Id":"15556d87-6416-67da-1a91-b615778e0a41","FullyQualifiedName":"YourProject.Tests.SampleTests.Add_Works","DisplayName":"Add_Works","ExecutorUri":"executor://NUnit3TestExecutor","Source":"C:\\Users\\Soroush\\Desktop\\Files\\Programming\\Tutorial\\03-Jenkins\\JenkinsTest\\JenkinsTest\\bin\\Debug\\net8.0\\JenkinsTest.dll","CodeFilePath":null,"LineNumber":0,"Properties":[{"Key":{"Id":"NUnit.TestCategory","Label":"TestCategory","Category":"","Description":"","Attributes":5,"ValueType":"System.String[]"},"Value":["smoke"]},{"Key":{"Id":"NUnit.Seed","Label":"Seed","Category":"","Description":"","Attributes":0,"ValueType":"System.String"},"Value":"248064197"}]},"Attachments":[],"Outcome":1,"ErrorMessage":null,"ErrorStackTrace":null,"DisplayName":"Add_Works","Messages":[],"ComputerName":"DESKTOP-2TEBRLT","Duration":"00:00:00.0034160","StartTime":"2025-11-07T00:10:26.3479631+00:00","EndTime":"2025-11-07T00:10:26.3513086+00:00","Properties":[{"Key":{"Id":"NUnit.Seed","Label":"Seed","Category":"","Description":"","Attributes":0,"ValueType":"System.String"},"Value":"248064197"}]},{"TestCase":{"Id":"8491889b-3aa1-7894-606a-0ffea74777ed","FullyQualifiedName":"YourProject.Tests.SampleTests.Minus_Works","DisplayName":"Minus_Works","ExecutorUri":"executor://NUnit3TestExecutor","Source":"C:\\Users\\Soroush\\Desktop\\Files\\Programming\\Tutorial\\03-Jenkins\\JenkinsTest\\JenkinsTest\\bin\\Debug\\net8.0\\JenkinsTest.dll","CodeFilePath":null,"LineNumber":0,"Properties":[{"Key":{"Id":"NUnit.TestCategory","Label":"TestCategory","Category":"","Description":"","Attributes":5,"ValueType":"System.String[]"},"Value":["smoke"]},{"Key":{"Id":"NUnit.Seed","Label":"Seed","Category":"","Description":"","Attributes":0,"ValueType":"System.String"},"Value":"1535787902"}]},"Attachments":[],"Outcome":1,"ErrorMessage":null,"ErrorStackTrace":null,"DisplayName":"Minus_Works","Messages":[],"ComputerName":"DESKTOP-2TEBRLT","Duration":"00:00:00.0000870","StartTime":"2025-11-07T00:10:26.3528139+00:00","EndTime":"2025-11-07T00:10:26.3529005+00:00","Properties":[{"Key":{"Id":"NUnit.Seed","Label":"Seed","Category":"","Description":"","Attributes":0,"ValueType":"System.String"},"Value":"1535787902"}]}],"TestRunStatistics":{"ExecutedTests":2,"Stats":{"Passed":2}},"ActiveTests":[]},"RunAttachments":[],"ExecutorUris":["executor://nunit3testexecutor/"]}}
TpTrace Verbose: 0 : 19560, 7, 2025/11/07, 01:10:26.418, 5220975864310, vstest.console.dll, TestRequestSender.EndSession: Sending end session.
TpTrace Verbose: 0 : 19560, 7, 2025/11/07, 01:10:26.418, 5220975865552, vstest.console.dll, ProxyOperationManager.Close: waiting for test host to exit for 100 ms
TpTrace Verbose: 0 : 19560, 11, 2025/11/07, 01:10:26.454, 5220976222054, vstest.console.dll, TestHostManagerCallbacks.StandardOutputReceivedCallback Test host standard output line: 
TpTrace Warning: 0 : 19560, 12, 2025/11/07, 01:10:26.454, 5220976222055, vstest.console.dll, TestHostManagerCallbacks.ErrorReceivedCallback Test host standard error line: 
TpTrace Verbose: 0 : 19560, 12, 2025/11/07, 01:10:26.460, 5220976281817, vstest.console.dll, TestHostProvider.ExitCallBack: Host exited starting callback.
TpTrace Information: 0 : 19560, 12, 2025/11/07, 01:10:26.460, 5220976283063, vstest.console.dll, TestHostManagerCallbacks.ExitCallBack: Testhost processId: 12656 exited with exitcode: 0 error: ''
TpTrace Verbose: 0 : 19560, 12, 2025/11/07, 01:10:26.460, 5220976283321, vstest.console.dll, DotnetTestHostManager.OnHostExited: invoking OnHostExited callback
TpTrace Verbose: 0 : 19560, 12, 2025/11/07, 01:10:26.461, 5220976285641, vstest.console.dll, CrossPlatEngine.TestHostManagerHostExited: calling on client process exit callback.
TpTrace Information: 0 : 19560, 12, 2025/11/07, 01:10:26.461, 5220976286320, vstest.console.dll, TestRequestSender.OnClientProcessExit: Test host process exited. Standard error: 
TpTrace Information: 0 : 19560, 12, 2025/11/07, 01:10:26.461, 5220976286594, vstest.console.dll, SocketServer.Stop: Stop server endPoint: 127.0.0.1:65267
TpTrace Information: 0 : 19560, 12, 2025/11/07, 01:10:26.461, 5220976286784, vstest.console.dll, SocketServer.Stop: Cancellation requested. Stopping message loop.
TpTrace Information: 0 : 19560, 7, 2025/11/07, 01:10:26.461, 5220976286872, vstest.console.dll, SocketServer.Stop: Stop server endPoint: 127.0.0.1:65267
TpTrace Verbose: 0 : 19560, 12, 2025/11/07, 01:10:26.461, 5220976287489, vstest.console.dll, MulticastDelegateUtilities.SafeInvoke: HostProviderEvents.OnHostExited: Invoking callback 1/1 for Microsoft.VisualStudio.TestPlatform.CrossPlatEngine.Client.ProxyOperationManager., took 0 ms.
TpTrace Information: 0 : 19560, 7, 2025/11/07, 01:10:26.461, 5220976287561, vstest.console.dll, SocketServer.Stop: Cancellation requested. Stopping message loop.
TpTrace Information: 0 : 19560, 7, 2025/11/07, 01:10:26.461, 5220976288051, vstest.console.dll, Closing the connection
TpTrace Verbose: 0 : 19560, 7, 2025/11/07, 01:10:26.496, 5220976643981, vstest.console.dll, ParallelRunEventsHandler.HandleTestRunComplete: Handling a run completion, this can be either one part of parallel run completing, or the whole parallel run completing.
TpTrace Verbose: 0 : 19560, 7, 2025/11/07, 01:10:26.504, 5220976723122, vstest.console.dll, TestRunRequest:SendTestRunStatsChange: Starting.
TpTrace Verbose: 0 : 19560, 7, 2025/11/07, 01:10:26.504, 5220976724961, vstest.console.dll, MulticastDelegateUtilities.SafeInvoke: TestRun.RunStatsChanged: Invoking callbacks was skipped because there are no subscribers.
TpTrace Information: 0 : 19560, 7, 2025/11/07, 01:10:26.504, 5220976725260, vstest.console.dll, TestRunRequest:SendTestRunStatsChange: Completed.
TpTrace Verbose: 0 : 19560, 7, 2025/11/07, 01:10:26.505, 5220976727174, vstest.console.dll, ParallelProxyExecutionManager: HandlePartialRunComplete: Total workloads = 1, Total started clients = 1 Total completed clients = 1, Run complete = True, Run canceled: False.
TpTrace Verbose: 0 : 19560, 7, 2025/11/07, 01:10:26.505, 5220976727459, vstest.console.dll, ParallelProxyExecutionManager: HandlePartialRunComplete: All runs completed stopping all managers.
TpTrace Verbose: 0 : 19560, 7, 2025/11/07, 01:10:26.505, 5220976727669, vstest.console.dll, ParallelOperationManager.StopAllManagers: Stopping all managers.
TpTrace Verbose: 0 : 19560, 7, 2025/11/07, 01:10:26.505, 5220976727852, vstest.console.dll, ParallelOperationManager.ClearSlots: Clearing all slots. Slots should accept more work: False
TpTrace Verbose: 0 : 19560, 7, 2025/11/07, 01:10:26.505, 5220976728130, vstest.console.dll, ParallelOperationManager.SetOccupiedSlotCount: Setting slot counts AvailableSlotCount = 1, OccupiedSlotCount = 0.
TpTrace Verbose: 0 : 19560, 7, 2025/11/07, 01:10:26.505, 5220976728907, vstest.console.dll, Occupied slots:

TpTrace Verbose: 0 : 19560, 7, 2025/11/07, 01:10:26.505, 5220976729130, vstest.console.dll, ParallelRunEventsHandler.HandleTestRunComplete: Whole parallel run completed.
TpTrace Verbose: 0 : 19560, 4, 2025/11/07, 01:10:26.506, 5220976740387, vstest.console.dll, MulticastDelegateUtilities.SafeInvoke: InternalTestLoggerEvents.SendTestResult: Invoking callback 1/1 for Microsoft.VisualStudio.TestPlatform.CommandLine.Internal.ConsoleLogger., took 1 ms.
TpTrace Verbose: 0 : 19560, 4, 2025/11/07, 01:10:26.506, 5220976742910, vstest.console.dll, MulticastDelegateUtilities.SafeInvoke: InternalTestLoggerEvents.SendTestResult: Invoking callback 1/1 for Microsoft.VisualStudio.TestPlatform.CommandLine.Internal.ConsoleLogger., took 0 ms.
TpTrace Verbose: 0 : 19560, 4, 2025/11/07, 01:10:26.513, 5220976806540, vstest.console.dll, MulticastDelegateUtilities.SafeInvoke: InternalTestLoggerEvents.SendTestRunComplete: Invoking callback 1/1 for Microsoft.VisualStudio.TestPlatform.CommandLine.Internal.ConsoleLogger., took 4 ms.
TpTrace Verbose: 0 : 19560, 7, 2025/11/07, 01:10:26.513, 5220976809825, vstest.console.dll, TestRunRequest:TestRunComplete: Starting. IsAborted:False IsCanceled:False.
TpTrace Verbose: 0 : 19560, 7, 2025/11/07, 01:10:26.513, 5220976811114, vstest.console.dll, ParallelOperationManager.DoActionOnAllManagers: Calling an action on all managers.
TpTrace Verbose: 0 : 19560, 7, 2025/11/07, 01:10:26.514, 5220976820756, vstest.console.dll, TestLoggerManager.HandleTestRunComplete: Ignoring as the object is disposed.
TpTrace Verbose: 0 : 19560, 7, 2025/11/07, 01:10:26.514, 5220976824516, vstest.console.dll, MulticastDelegateUtilities.SafeInvoke: TestRun.TestRunComplete: Invoking callback 1/2 for Microsoft.VisualStudio.TestPlatform.CommandLine.TestRunResultAggregator., took 0 ms.
TpTrace Verbose: 0 : 19560, 7, 2025/11/07, 01:10:26.514, 5220976825540, vstest.console.dll, MulticastDelegateUtilities.SafeInvoke: TestRun.TestRunComplete: Invoking callback 2/2 for Microsoft.VisualStudio.TestPlatform.CommandLine.Processors.RunTestsArgumentExecutor+TestRunRequestEventsRegistrar., took 0 ms.
TpTrace Information: 0 : 19560, 7, 2025/11/07, 01:10:26.515, 5220976826262, vstest.console.dll, TestRunRequest:TestRunComplete: Completed.
TpTrace Verbose: 0 : 19560, 7, 2025/11/07, 01:10:26.515, 5220976826509, vstest.console.dll, TestRequestSender.SetOperationComplete: Setting operation complete.
TpTrace Information: 0 : 19560, 7, 2025/11/07, 01:10:26.515, 5220976827106, vstest.console.dll, SocketServer.Stop: Stop server endPoint: 127.0.0.1:65267
TpTrace Information: 0 : 19560, 7, 2025/11/07, 01:10:26.515, 5220976827317, vstest.console.dll, SocketServer.Stop: Cancellation requested. Stopping message loop.
TpTrace Verbose: 0 : 19560, 1, 2025/11/07, 01:10:26.515, 5220976827461, vstest.console.dll, TestRunRequest.Dispose: Starting.
TpTrace Information: 0 : 19560, 1, 2025/11/07, 01:10:26.515, 5220976828343, vstest.console.dll, TestRunRequest.Dispose: Completed.
TpTrace Verbose: 0 : 19560, 7, 2025/11/07, 01:10:26.515, 5220976827559, vstest.console.dll, MulticastDelegateUtilities.SafeInvoke: LengthPrefixCommunicationChannel: MessageReceived: Invoking callback 1/1 for Microsoft.VisualStudio.TestPlatform.CommunicationUtilities.TestRequestSender+<>c__DisplayClass34_0., took 96 ms.
TpTrace Information: 0 : 19560, 1, 2025/11/07, 01:10:26.515, 5220976828671, vstest.console.dll, TestRequestManager.RunTests: run tests completed.
TpTrace Information: 0 : 19560, 7, 2025/11/07, 01:10:26.515, 5220976829152, vstest.console.dll, SocketServer.PrivateStop: Stopping server endPoint: 127.0.0.1:65267 error: 
TpTrace Information: 0 : 19560, 1, 2025/11/07, 01:10:26.515, 5220976829685, vstest.console.dll, RunTestsArgumentProcessor:Execute: Test run is completed.
TpTrace Verbose: 0 : 19560, 1, 2025/11/07, 01:10:26.515, 5220976831602, vstest.console.dll, Executor.Execute: Exiting with exit code of 0
TpTrace Verbose: 0 : 19560, 7, 2025/11/07, 01:10:26.515, 5220976832864, vstest.console.dll, LengthPrefixCommunicationChannel.Dispose: Dispose reader and writer.
TpTrace Information: 0 : 19560, 7, 2025/11/07, 01:10:26.515, 5220976833738, vstest.console.dll, SocketServer.Stop: Raise disconnected event endPoint: 127.0.0.1:65267 error: 
TpTrace Verbose: 0 : 19560, 7, 2025/11/07, 01:10:26.515, 5220976834455, vstest.console.dll, TestRequestSender: OnTestRunAbort: Operation is already complete. Skip error message.
TpTrace Verbose: 0 : 19560, 7, 2025/11/07, 01:10:26.515, 5220976834780, vstest.console.dll, MulticastDelegateUtilities.SafeInvoke: SocketServer: ClientDisconnected: Invoking callback 1/1 for Microsoft.VisualStudio.TestPlatform.CommunicationUtilities.TestRequestSender., took 0 ms.
TpTrace Verbose: 0 : 19560, 7, 2025/11/07, 01:10:26.515, 5220976835024, vstest.console.dll, TcpClientExtensions.MessageLoopAsync: exiting MessageLoopAsync remoteEndPoint: 127.0.0.1:65268 localEndPoint: 127.0.0.1:65267
